<?xml version="1.0" encoding="UTF-8"?>
<!-- Generated by org.testng.reporters.JUnitXMLReporter -->
<testsuite ignored="2" hostname="OTS-LP-O-0237" failures="0" tests="2" name="Default test(failed)" time="27.934" errors="0" timestamp="2022-11-15T17:30:59 IST">
  <testcase classname="com.wakesmart.testcases.HomePageTest" name="validUserLogin" time="6.645"/>
  <testcase classname="com.wakesmart.testcases.HomePageTest" name="reporting" time="7.177"/>
  <testcase classname="com.wakesmart.testcases.HomePageTest" name="about" time="0.0">
    <ignored/>
  </testcase> <!-- about -->
  <testcase classname="com.wakesmart.testcases.HomePageTest" name="user" time="0.0">
    <ignored/>
  </testcase> <!-- user -->
</testsuite> <!-- Default test(failed) -->
