<?xml version="1.0" encoding="UTF-8"?>
<!-- Generated by org.testng.reporters.JUnitXMLReporter -->
<testsuite ignored="17" hostname="OTS-LP-O-0237" failures="0" tests="2" name="Default test" time="18.971" errors="0" timestamp="2022-12-20T19:09:06 IST">
  <testcase classname="com.wakesmart.testcases.HomePageTest" name="validUserLogin" time="6.814"/>
  <testcase classname="com.wakesmart.testcases.HomePageTest" name="manage_Automation" time="3.57"/>
  <testcase classname="com.wakesmart.testcases.HomePageTest" name="manage_Licences" time="0.0">
    <ignored/>
  </testcase> <!-- manage_Licences -->
  <testcase classname="com.wakesmart.testcases.HomePageTest" name="managePolicies_Scheduled_Events" time="0.0">
    <ignored/>
  </testcase> <!-- managePolicies_Scheduled_Events -->
  <testcase classname="com.wakesmart.testcases.HomePageTest" name="about" time="0.0">
    <ignored/>
  </testcase> <!-- about -->
  <testcase classname="com.wakesmart.testcases.HomePageTest" name="deleteAssignedPolicy" time="0.0">
    <ignored/>
  </testcase> <!-- deleteAssignedPolicy -->
  <testcase classname="com.wakesmart.testcases.HomePageTest" name="manage_Users_GroupPermission" time="0.0">
    <ignored/>
  </testcase> <!-- manage_Users_GroupPermission -->
  <testcase classname="com.wakesmart.testcases.HomePageTest" name="user" time="0.0">
    <ignored/>
  </testcase> <!-- user -->
  <testcase classname="com.wakesmart.testcases.HomePageTest" name="Unassign_Policy_To_Sytstem" time="0.0">
    <ignored/>
  </testcase> <!-- Unassign_Policy_To_Sytstem -->
  <testcase classname="com.wakesmart.testcases.HomePageTest" name="assetInventory" time="0.0">
    <ignored/>
  </testcase> <!-- assetInventory -->
  <testcase classname="com.wakesmart.testcases.HomePageTest" name="manage_Policies_AddNewScheme" time="0.0">
    <ignored/>
  </testcase> <!-- manage_Policies_AddNewScheme -->
  <testcase classname="com.wakesmart.testcases.HomePageTest" name="manage_Reference" time="0.0">
    <ignored/>
  </testcase> <!-- manage_Reference -->
  <testcase classname="com.wakesmart.testcases.HomePageTest" name="manage_Device_Groups" time="0.0">
    <ignored/>
  </testcase> <!-- manage_Device_Groups -->
  <testcase classname="com.wakesmart.testcases.HomePageTest" name="reporting" time="0.0">
    <ignored/>
  </testcase> <!-- reporting -->
  <testcase classname="com.wakesmart.testcases.HomePageTest" name="manageEditGroups" time="0.0">
    <ignored/>
  </testcase> <!-- manageEditGroups -->
  <testcase classname="com.wakesmart.testcases.HomePageTest" name="new_Policy_Verify" time="0.0">
    <ignored/>
  </testcase> <!-- new_Policy_Verify -->
  <testcase classname="com.wakesmart.testcases.HomePageTest" name="manage_User" time="0.0">
    <ignored/>
  </testcase> <!-- manage_User -->
  <testcase classname="com.wakesmart.testcases.HomePageTest" name="managePolicies" time="0.0">
    <ignored/>
  </testcase> <!-- managePolicies -->
  <testcase classname="com.wakesmart.testcases.HomePageTest" name="assign_Policy_To_Sytstem" time="0.0">
    <ignored/>
  </testcase> <!-- assign_Policy_To_Sytstem -->
</testsuite> <!-- Default test -->
