<?xml version="1.0" encoding="UTF-8"?>
<!-- Generated by org.testng.reporters.JUnitXMLReporter -->
<testsuite ignored="0" hostname="OTS-LP-O-0237" failures="0" tests="10" name="Default test" time="17.06" errors="0" timestamp="2023-02-14T21:50:53 IST">
  <testcase classname="com.wakesmart.testcases.LoginPageTest" name="getTitle" time="0.033"/>
  <testcase classname="com.wakesmart.testcases.LoginPageTest" name="colorOfForm" time="0.085"/>
  <testcase classname="com.wakesmart.testcases.LoginPageTest" name="colorOfLoginButton" time="0.033"/>
  <testcase classname="com.wakesmart.testcases.LoginPageTest" name="invalidUserName_ValidPasswordLogin" time="1.337"/>
  <testcase classname="com.wakesmart.testcases.LoginPageTest" name="validUserName_InvalidPasswordLogin" time="1.275"/>
  <testcase classname="com.wakesmart.testcases.LoginPageTest" name="inValidUserName_InvalidPasswordLogin" time="1.276"/>
  <testcase classname="com.wakesmart.testcases.LoginPageTest" name="empty_Credential_Login" time="0.472"/>
  <testcase classname="com.wakesmart.testcases.LoginPageTest" name="passwordVisibilityOnDOM" time="0.164"/>
  <testcase classname="com.wakesmart.testcases.LoginPageTest" name="validUserLogin" time="5.777"/>
  <testcase classname="com.wakesmart.testcases.LoginPageTest" name="userLogout" time="1.158"/>
</testsuite> <!-- Default test -->
