<?xml version="1.0" encoding="UTF-8"?>
<!-- Generated by org.testng.reporters.JUnitXMLReporter -->
<testsuite ignored="0" hostname="OTS-LP-O-0237" failures="0" tests="10" name="WakeSmart" time="18.176" errors="0" timestamp="2022-12-13T20:32:43 IST">
  <testcase classname="com.wakesmart.testcases.LoginPageTest" name="getTitle" time="0.029"/>
  <testcase classname="com.wakesmart.testcases.LoginPageTest" name="colorOfForm" time="0.045"/>
  <testcase classname="com.wakesmart.testcases.LoginPageTest" name="colorOfLoginButton" time="0.038"/>
  <testcase classname="com.wakesmart.testcases.LoginPageTest" name="invalidUserName_ValidPasswordLogin" time="1.341"/>
  <testcase classname="com.wakesmart.testcases.LoginPageTest" name="validUserName_InvalidPasswordLogin" time="1.783"/>
  <testcase classname="com.wakesmart.testcases.LoginPageTest" name="inValidUserName_InvalidPasswordLogin" time="1.172"/>
  <testcase classname="com.wakesmart.testcases.LoginPageTest" name="empty_Credential_Login" time="0.421"/>
  <testcase classname="com.wakesmart.testcases.LoginPageTest" name="passwordVisibilityOnDOM" time="0.14"/>
  <testcase classname="com.wakesmart.testcases.LoginPageTest" name="validUserLogin" time="6.557"/>
  <testcase classname="com.wakesmart.testcases.LoginPageTest" name="userLogout" time="1.052"/>
</testsuite> <!-- WakeSmart -->
