<?xml version="1.0" encoding="UTF-8"?>
<!-- Generated by org.testng.reporters.JUnitXMLReporter -->
<testsuite ignored="0" hostname="OTS-LP-O-0237" failures="1" tests="13" name="WakeSmart" time="102.843" errors="0" timestamp="2023-08-07T16:50:01 IST">
  <testcase classname="com.wakesmart.testcases.WSHomePageTest" name="HomePageValidation" time="6.587"/>
  <testcase classname="com.wakesmart.testcases.WSLoginPageTest" name="getTitle" time="0.032"/>
  <testcase classname="com.wakesmart.testcases.WSLoginPageTest" name="colorOfLoginButton" time="0.107"/>
  <testcase classname="com.wakesmart.testcases.WSLoginPageTest" name="invalidUserName_ValidPasswordLogin" time="2.514"/>
  <testcase classname="com.wakesmart.testcases.WSLoginPageTest" name="validUserName_InvalidPasswordLogin" time="4.445"/>
  <testcase classname="com.wakesmart.testcases.WSLoginPageTest" name="inValidUserName_InvalidPasswordLogin" time="4.313"/>
  <testcase classname="com.wakesmart.testcases.WSLoginPageTest" name="empty_Credential_Login" time="0.819"/>
  <testcase classname="com.wakesmart.testcases.WSLoginPageTest" name="passwordVisibilityOnDOM" time="0.268">
    <failure type="java.lang.AssertionError" message="The following asserts failed:
	Password is visible on the DOM= did not expect [invalidPW] but found [invalidPW]">
      <![CDATA[java.lang.AssertionError: The following asserts failed:
Password is visible on the DOM= did not expect [invalidPW] but found [invalidPW]
at org.testng.asserts.SoftAssert.assertAll(SoftAssert.java:46)
at org.testng.asserts.SoftAssert.assertAll(SoftAssert.java:30)
at com.wakesmart.testcases.WSLoginPageTest.passwordVisibilityOnDOM(WSLoginPageTest.java:131)
at java.base/jdk.internal.reflect.NativeMethodAccessorImpl.invoke0(Native Method)
at java.base/jdk.internal.reflect.NativeMethodAccessorImpl.invoke(NativeMethodAccessorImpl.java:77)
at java.base/jdk.internal.reflect.DelegatingMethodAccessorImpl.invoke(DelegatingMethodAccessorImpl.java:43)
at java.base/java.lang.reflect.Method.invoke(Method.java:568)
at org.testng.internal.invokers.MethodInvocationHelper.invokeMethod(MethodInvocationHelper.java:139)
at org.testng.internal.invokers.TestInvoker.invokeMethod(TestInvoker.java:677)
at org.testng.internal.invokers.TestInvoker.invokeTestMethod(TestInvoker.java:221)
at org.testng.internal.invokers.MethodRunner.runInSequence(MethodRunner.java:50)
at org.testng.internal.invokers.TestInvoker$MethodInvocationAgent.invoke(TestInvoker.java:969)
at org.testng.internal.invokers.TestInvoker.invokeTestMethods(TestInvoker.java:194)
at org.testng.internal.invokers.TestMethodWorker.invokeTestMethods(TestMethodWorker.java:148)
at org.testng.internal.invokers.TestMethodWorker.run(TestMethodWorker.java:128)
at java.base/java.util.concurrent.ThreadPoolExecutor.runWorker(ThreadPoolExecutor.java:1136)
at java.base/java.util.concurrent.ThreadPoolExecutor$Worker.run(ThreadPoolExecutor.java:635)
at java.base/java.lang.Thread.run(Thread.java:833)
]]>
    </failure>
  </testcase> <!-- passwordVisibilityOnDOM -->
  <testcase classname="com.wakesmart.testcases.WSLoginPageTest" name="validUserLogin" time="3.172"/>
  <testcase classname="com.wakesmart.testcases.WSLoginPageTest" name="URLVerification" time="0.031"/>
  <testcase classname="com.wakesmart.testcases.WSAutomationGroupRulesTest" name="newAutomationGroupRules" time="19.548"/>
  <testcase classname="com.wakesmart.testcases.WSAutomationPolicyRules" name="newAutomationPolicyRules" time="18.434"/>
  <testcase classname="com.wakesmart.testcases.WSLoginPageTest" name="userLogout" time="2.419"/>
</testsuite> <!-- WakeSmart -->
