<?xml version="1.0" encoding="UTF-8"?>
<testng-results ignored="22" total="24" passed="1" failed="1" skipped="0">
  <reporter-output>
  </reporter-output>
  <suite started-at="2023-01-05T19:17:48 IST" name="Default suite" finished-at="2023-01-05T19:18:15 IST" duration-ms="27440">
    <groups>
    </groups>
    <test started-at="2023-01-05T19:17:48 IST" name="Default test" finished-at="2023-01-05T19:18:15 IST" duration-ms="27440">
      <class name="com.wakesmart.testcases.HomePageTest">
        <test-method is-config="true" signature="browserLaunch()[pri:0, instance:com.wakesmart.testcases.HomePageTest@25ce9dc4]" started-at="2023-01-05T19:17:48 IST" name="browserLaunch" finished-at="2023-01-05T19:17:57 IST" duration-ms="8585" status="PASS">
          <reporter-output>
          </reporter-output>
        </test-method> <!-- browserLaunch -->
        <test-method signature="validUserLogin()[pri:1, instance:com.wakesmart.testcases.HomePageTest@25ce9dc4]" started-at="2023-01-05T19:17:57 IST" name="validUserLogin" finished-at="2023-01-05T19:18:04 IST" duration-ms="7499" status="PASS">
          <reporter-output>
          </reporter-output>
        </test-method> <!-- validUserLogin -->
        <test-method signature="Settings()[pri:0, instance:com.wakesmart.testcases.HomePageTest@25ce9dc4]" started-at="2023-01-05T19:18:04 IST" name="Settings" finished-at="2023-01-05T19:18:15 IST" depends-on-methods="com.wakesmart.testcases.HomePageTest.validUserLogin" duration-ms="10842" status="FAIL">
          <exception class="java.lang.AssertionError">
            <message>
              <![CDATA[The following asserts failed:
expected [False] but found [True],
expected [4] but found [5],
expected [89] but found [90],
expected [9] but found [10]]]>
            </message>
            <full-stacktrace>
              <![CDATA[java.lang.AssertionError: The following asserts failed:
expected [False] but found [True],
expected [4] but found [5],
expected [89] but found [90],
expected [9] but found [10]
at org.testng.asserts.SoftAssert.assertAll(SoftAssert.java:46)
at org.testng.asserts.SoftAssert.assertAll(SoftAssert.java:30)
at com.wakesmart.testcases.HomePageTest.Settings(HomePageTest.java:775)
at java.base/jdk.internal.reflect.NativeMethodAccessorImpl.invoke0(Native Method)
at java.base/jdk.internal.reflect.NativeMethodAccessorImpl.invoke(NativeMethodAccessorImpl.java:77)
at java.base/jdk.internal.reflect.DelegatingMethodAccessorImpl.invoke(DelegatingMethodAccessorImpl.java:43)
at java.base/java.lang.reflect.Method.invoke(Method.java:568)
at org.testng.internal.invokers.MethodInvocationHelper.invokeMethod(MethodInvocationHelper.java:139)
at org.testng.internal.invokers.TestInvoker.invokeMethod(TestInvoker.java:677)
at org.testng.internal.invokers.TestInvoker.invokeTestMethod(TestInvoker.java:221)
at org.testng.internal.invokers.MethodRunner.runInSequence(MethodRunner.java:50)
at org.testng.internal.invokers.TestInvoker$MethodInvocationAgent.invoke(TestInvoker.java:962)
at org.testng.internal.invokers.TestInvoker.invokeTestMethods(TestInvoker.java:194)
at org.testng.internal.invokers.TestMethodWorker.invokeTestMethods(TestMethodWorker.java:148)
at org.testng.internal.invokers.TestMethodWorker.run(TestMethodWorker.java:128)
at java.base/java.util.ArrayList.forEach(ArrayList.java:1511)
at org.testng.TestRunner.privateRun(TestRunner.java:806)
at org.testng.TestRunner.run(TestRunner.java:601)
at org.testng.SuiteRunner.runTest(SuiteRunner.java:433)
at org.testng.SuiteRunner.runSequentially(SuiteRunner.java:427)
at org.testng.SuiteRunner.privateRun(SuiteRunner.java:387)
at org.testng.SuiteRunner.run(SuiteRunner.java:330)
at org.testng.SuiteRunnerWorker.runSuite(SuiteRunnerWorker.java:52)
at org.testng.SuiteRunnerWorker.run(SuiteRunnerWorker.java:95)
at org.testng.TestNG.runSuitesSequentially(TestNG.java:1256)
at org.testng.TestNG.runSuitesLocally(TestNG.java:1176)
at org.testng.TestNG.runSuites(TestNG.java:1099)
at org.testng.TestNG.run(TestNG.java:1067)
at org.testng.remote.AbstractRemoteTestNG.run(AbstractRemoteTestNG.java:115)
at org.testng.remote.RemoteTestNG.initAndRun(RemoteTestNG.java:251)
at org.testng.remote.RemoteTestNG.main(RemoteTestNG.java:77)
]]>
            </full-stacktrace>
          </exception> <!-- java.lang.AssertionError -->
          <reporter-output>
          </reporter-output>
        </test-method> <!-- Settings -->
        <test-method is-config="true" signature="tearDown()[pri:0, instance:com.wakesmart.testcases.HomePageTest@25ce9dc4]" started-at="2023-01-05T19:18:15 IST" name="tearDown" finished-at="2023-01-05T19:18:15 IST" duration-ms="376" status="PASS">
          <reporter-output>
          </reporter-output>
        </test-method> <!-- tearDown -->
      </class> <!-- com.wakesmart.testcases.HomePageTest -->
    </test> <!-- Default test -->
  </suite> <!-- Default suite -->
</testng-results>
