<?xml version="1.0" encoding="UTF-8"?>
<testng-results ignored="1" total="34" passed="33" failed="0" skipped="0">
  <reporter-output>
  </reporter-output>
  <suite started-at="2023-01-03T16:33:17 IST" name="Suite" finished-at="2023-01-03T16:36:02 IST" duration-ms="165336">
    <groups>
      <group name="Smoke">
        <method signature="LoginPageTest.colorOfLoginButton()[pri:3, instance:com.wakesmart.testcases.LoginPageTest@386f0da3]" name="colorOfLoginButton" class="com.wakesmart.testcases.LoginPageTest"/>
        <method signature="LoginPageTest.validUserLogin()[pri:9, instance:com.wakesmart.testcases.LoginPageTest@386f0da3]" name="validUserLogin" class="com.wakesmart.testcases.LoginPageTest"/>
        <method signature="LoginPageTest.userLogout()[pri:10, instance:com.wakesmart.testcases.LoginPageTest@386f0da3]" name="userLogout" class="com.wakesmart.testcases.LoginPageTest"/>
      </group> <!-- Smoke -->
    </groups>
    <test started-at="2023-01-03T16:33:17 IST" name="WakeSmart" finished-at="2023-01-03T16:36:02 IST" duration-ms="165336">
      <class name="com.wakesmart.testcases.LoginPageTest">
        <test-method is-config="true" signature="browserLaunch()[pri:0, instance:com.wakesmart.testcases.LoginPageTest@386f0da3]" started-at="2023-01-03T16:33:17 IST" name="browserLaunch" finished-at="2023-01-03T16:33:23 IST" duration-ms="5949" status="PASS">
          <reporter-output>
          </reporter-output>
        </test-method> <!-- browserLaunch -->
        <test-method signature="getTitle()[pri:1, instance:com.wakesmart.testcases.LoginPageTest@386f0da3]" started-at="2023-01-03T16:33:23 IST" name="getTitle" finished-at="2023-01-03T16:33:23 IST" duration-ms="37" status="PASS">
          <reporter-output>
          </reporter-output>
        </test-method> <!-- getTitle -->
        <test-method signature="colorOfForm()[pri:2, instance:com.wakesmart.testcases.LoginPageTest@386f0da3]" started-at="2023-01-03T16:33:23 IST" name="colorOfForm" finished-at="2023-01-03T16:33:23 IST" duration-ms="44" status="PASS">
          <reporter-output>
          </reporter-output>
        </test-method> <!-- colorOfForm -->
        <test-method signature="colorOfLoginButton()[pri:3, instance:com.wakesmart.testcases.LoginPageTest@386f0da3]" started-at="2023-01-03T16:33:23 IST" name="colorOfLoginButton" finished-at="2023-01-03T16:33:23 IST" duration-ms="29" status="PASS">
          <reporter-output>
          </reporter-output>
        </test-method> <!-- colorOfLoginButton -->
        <test-method signature="invalidUserName_ValidPasswordLogin()[pri:4, instance:com.wakesmart.testcases.LoginPageTest@386f0da3]" started-at="2023-01-03T16:33:23 IST" name="invalidUserName_ValidPasswordLogin" finished-at="2023-01-03T16:33:25 IST" duration-ms="1312" status="PASS">
          <reporter-output>
          </reporter-output>
        </test-method> <!-- invalidUserName_ValidPasswordLogin -->
        <test-method signature="validUserName_InvalidPasswordLogin()[pri:5, instance:com.wakesmart.testcases.LoginPageTest@386f0da3]" started-at="2023-01-03T16:33:25 IST" name="validUserName_InvalidPasswordLogin" finished-at="2023-01-03T16:33:26 IST" duration-ms="1524" status="PASS">
          <reporter-output>
          </reporter-output>
        </test-method> <!-- validUserName_InvalidPasswordLogin -->
        <test-method signature="inValidUserName_InvalidPasswordLogin()[pri:6, instance:com.wakesmart.testcases.LoginPageTest@386f0da3]" started-at="2023-01-03T16:33:26 IST" name="inValidUserName_InvalidPasswordLogin" finished-at="2023-01-03T16:33:27 IST" duration-ms="1209" status="PASS">
          <reporter-output>
          </reporter-output>
        </test-method> <!-- inValidUserName_InvalidPasswordLogin -->
        <test-method signature="empty_Credential_Login()[pri:7, instance:com.wakesmart.testcases.LoginPageTest@386f0da3]" started-at="2023-01-03T16:33:27 IST" name="empty_Credential_Login" finished-at="2023-01-03T16:33:28 IST" duration-ms="464" status="PASS">
          <reporter-output>
          </reporter-output>
        </test-method> <!-- empty_Credential_Login -->
        <test-method signature="passwordVisibilityOnDOM()[pri:8, instance:com.wakesmart.testcases.LoginPageTest@386f0da3]" started-at="2023-01-03T16:33:28 IST" name="passwordVisibilityOnDOM" finished-at="2023-01-03T16:33:28 IST" duration-ms="141" status="PASS">
          <reporter-output>
          </reporter-output>
        </test-method> <!-- passwordVisibilityOnDOM -->
        <test-method signature="validUserLogin()[pri:9, instance:com.wakesmart.testcases.LoginPageTest@386f0da3]" started-at="2023-01-03T16:33:28 IST" name="validUserLogin" finished-at="2023-01-03T16:33:34 IST" duration-ms="6165" status="PASS">
          <reporter-output>
          </reporter-output>
        </test-method> <!-- validUserLogin -->
        <test-method signature="userLogout()[pri:10, instance:com.wakesmart.testcases.LoginPageTest@386f0da3]" started-at="2023-01-03T16:33:34 IST" name="userLogout" finished-at="2023-01-03T16:33:35 IST" duration-ms="1062" status="PASS">
          <reporter-output>
          </reporter-output>
        </test-method> <!-- userLogout -->
        <test-method is-config="true" signature="tearDown()[pri:0, instance:com.wakesmart.testcases.LoginPageTest@386f0da3]" started-at="2023-01-03T16:33:35 IST" name="tearDown" finished-at="2023-01-03T16:33:35 IST" duration-ms="344" status="PASS">
          <reporter-output>
          </reporter-output>
        </test-method> <!-- tearDown -->
      </class> <!-- com.wakesmart.testcases.LoginPageTest -->
      <class name="com.wakesmart.testcases.HomePageTest">
        <test-method is-config="true" signature="browserLaunch()[pri:0, instance:com.wakesmart.testcases.HomePageTest@5dcb4f5f]" started-at="2023-01-03T16:33:35 IST" name="browserLaunch" finished-at="2023-01-03T16:33:39 IST" duration-ms="3123" status="PASS">
          <reporter-output>
          </reporter-output>
        </test-method> <!-- browserLaunch -->
        <test-method signature="validUserLogin()[pri:1, instance:com.wakesmart.testcases.HomePageTest@5dcb4f5f]" started-at="2023-01-03T16:33:39 IST" name="validUserLogin" finished-at="2023-01-03T16:33:45 IST" duration-ms="5996" status="PASS">
          <reporter-output>
          </reporter-output>
        </test-method> <!-- validUserLogin -->
        <test-method signature="user()[pri:2, instance:com.wakesmart.testcases.HomePageTest@5dcb4f5f]" started-at="2023-01-03T16:33:45 IST" name="user" finished-at="2023-01-03T16:33:46 IST" duration-ms="933" status="PASS">
          <reporter-output>
          </reporter-output>
        </test-method> <!-- user -->
        <test-method signature="about()[pri:3, instance:com.wakesmart.testcases.HomePageTest@5dcb4f5f]" started-at="2023-01-03T16:33:46 IST" name="about" finished-at="2023-01-03T16:33:46 IST" duration-ms="881" status="PASS">
          <reporter-output>
          </reporter-output>
        </test-method> <!-- about -->
        <test-method signature="reporting()[pri:4, instance:com.wakesmart.testcases.HomePageTest@5dcb4f5f]" started-at="2023-01-03T16:33:46 IST" name="reporting" finished-at="2023-01-03T16:33:57 IST" duration-ms="10417" status="PASS">
          <reporter-output>
          </reporter-output>
        </test-method> <!-- reporting -->
        <test-method signature="assetInventory()[pri:5, instance:com.wakesmart.testcases.HomePageTest@5dcb4f5f]" started-at="2023-01-03T16:33:57 IST" name="assetInventory" finished-at="2023-01-03T16:33:59 IST" duration-ms="2379" status="PASS">
          <reporter-output>
          </reporter-output>
        </test-method> <!-- assetInventory -->
        <test-method signature="manage_Device_Groups()[pri:6, instance:com.wakesmart.testcases.HomePageTest@5dcb4f5f]" started-at="2023-01-03T16:33:59 IST" name="manage_Device_Groups" finished-at="2023-01-03T16:34:20 IST" duration-ms="21101" status="PASS">
          <reporter-output>
          </reporter-output>
        </test-method> <!-- manage_Device_Groups -->
        <test-method signature="manageEditGroups()[pri:7, instance:com.wakesmart.testcases.HomePageTest@5dcb4f5f]" started-at="2023-01-03T16:34:20 IST" name="manageEditGroups" finished-at="2023-01-03T16:34:25 IST" duration-ms="4382" status="PASS">
          <reporter-output>
          </reporter-output>
        </test-method> <!-- manageEditGroups -->
        <test-method signature="managePolicies()[pri:8, instance:com.wakesmart.testcases.HomePageTest@5dcb4f5f]" started-at="2023-01-03T16:34:25 IST" name="managePolicies" finished-at="2023-01-03T16:34:31 IST" duration-ms="6104" status="PASS">
          <reporter-output>
          </reporter-output>
        </test-method> <!-- managePolicies -->
        <test-method signature="manage_Policies_AddNewScheme()[pri:9, instance:com.wakesmart.testcases.HomePageTest@5dcb4f5f]" started-at="2023-01-03T16:34:31 IST" name="manage_Policies_AddNewScheme" finished-at="2023-01-03T16:34:34 IST" duration-ms="2948" status="PASS">
          <reporter-output>
          </reporter-output>
        </test-method> <!-- manage_Policies_AddNewScheme -->
        <test-method signature="managePolicies_Scheduled_Events()[pri:10, instance:com.wakesmart.testcases.HomePageTest@5dcb4f5f]" started-at="2023-01-03T16:34:34 IST" name="managePolicies_Scheduled_Events" finished-at="2023-01-03T16:34:39 IST" duration-ms="5358" status="PASS">
          <reporter-output>
          </reporter-output>
        </test-method> <!-- managePolicies_Scheduled_Events -->
        <test-method signature="new_Policy_Verify()[pri:11, instance:com.wakesmart.testcases.HomePageTest@5dcb4f5f]" started-at="2023-01-03T16:34:39 IST" name="new_Policy_Verify" finished-at="2023-01-03T16:34:40 IST" duration-ms="468" status="PASS">
          <reporter-output>
          </reporter-output>
        </test-method> <!-- new_Policy_Verify -->
        <test-method signature="assign_Policy_To_Sytstem()[pri:12, instance:com.wakesmart.testcases.HomePageTest@5dcb4f5f]" started-at="2023-01-03T16:34:40 IST" name="assign_Policy_To_Sytstem" finished-at="2023-01-03T16:34:49 IST" duration-ms="9642" status="PASS">
          <reporter-output>
          </reporter-output>
        </test-method> <!-- assign_Policy_To_Sytstem -->
        <test-method signature="deleteAssignedPolicy()[pri:13, instance:com.wakesmart.testcases.HomePageTest@5dcb4f5f]" started-at="2023-01-03T16:34:49 IST" name="deleteAssignedPolicy" finished-at="2023-01-03T16:34:54 IST" duration-ms="4539" status="PASS">
          <reporter-output>
          </reporter-output>
        </test-method> <!-- deleteAssignedPolicy -->
        <test-method signature="Unassign_Policy_To_Sytstem()[pri:14, instance:com.wakesmart.testcases.HomePageTest@5dcb4f5f]" started-at="2023-01-03T16:34:54 IST" name="Unassign_Policy_To_Sytstem" finished-at="2023-01-03T16:35:02 IST" duration-ms="8133" status="PASS">
          <reporter-output>
          </reporter-output>
        </test-method> <!-- Unassign_Policy_To_Sytstem -->
        <test-method signature="manage_User()[pri:15, instance:com.wakesmart.testcases.HomePageTest@5dcb4f5f]" started-at="2023-01-03T16:35:02 IST" name="manage_User" finished-at="2023-01-03T16:35:13 IST" duration-ms="11168" status="PASS">
          <reporter-output>
          </reporter-output>
        </test-method> <!-- manage_User -->
        <test-method signature="manage_Users_GroupPermission()[pri:16, instance:com.wakesmart.testcases.HomePageTest@5dcb4f5f]" started-at="2023-01-03T16:35:13 IST" name="manage_Users_GroupPermission" finished-at="2023-01-03T16:35:18 IST" duration-ms="5016" status="PASS">
          <reporter-output>
          </reporter-output>
        </test-method> <!-- manage_Users_GroupPermission -->
        <test-method signature="manage_Licences()[pri:17, instance:com.wakesmart.testcases.HomePageTest@5dcb4f5f]" started-at="2023-01-03T16:35:18 IST" name="manage_Licences" finished-at="2023-01-03T16:35:22 IST" duration-ms="3881" status="PASS">
          <reporter-output>
          </reporter-output>
        </test-method> <!-- manage_Licences -->
        <test-method signature="manage_Reference()[pri:18, instance:com.wakesmart.testcases.HomePageTest@5dcb4f5f]" started-at="2023-01-03T16:35:22 IST" name="manage_Reference" finished-at="2023-01-03T16:35:24 IST" duration-ms="2098" status="PASS">
          <reporter-output>
          </reporter-output>
        </test-method> <!-- manage_Reference -->
        <test-method signature="manage_Automation()[pri:19, instance:com.wakesmart.testcases.HomePageTest@5dcb4f5f]" started-at="2023-01-03T16:35:24 IST" name="manage_Automation" finished-at="2023-01-03T16:35:34 IST" duration-ms="9982" status="PASS">
          <reporter-output>
          </reporter-output>
        </test-method> <!-- manage_Automation -->
        <test-method signature="Automation_rule_Presence_verify()[pri:20, instance:com.wakesmart.testcases.HomePageTest@5dcb4f5f]" started-at="2023-01-03T16:35:34 IST" name="Automation_rule_Presence_verify" finished-at="2023-01-03T16:35:45 IST" duration-ms="10541" status="PASS">
          <reporter-output>
          </reporter-output>
        </test-method> <!-- Automation_rule_Presence_verify -->
        <test-method signature="Automation_PolicyRules()[pri:21, instance:com.wakesmart.testcases.HomePageTest@5dcb4f5f]" started-at="2023-01-03T16:35:45 IST" name="Automation_PolicyRules" finished-at="2023-01-03T16:35:56 IST" duration-ms="11215" status="PASS">
          <reporter-output>
          </reporter-output>
        </test-method> <!-- Automation_PolicyRules -->
        <test-method signature="getAutomation_AlertRules()[pri:22, instance:com.wakesmart.testcases.HomePageTest@5dcb4f5f]" started-at="2023-01-03T16:35:56 IST" name="getAutomation_AlertRules" finished-at="2023-01-03T16:35:56 IST" duration-ms="169" status="PASS">
          <reporter-output>
          </reporter-output>
        </test-method> <!-- getAutomation_AlertRules -->
        <test-method signature="Settings()[pri:23, instance:com.wakesmart.testcases.HomePageTest@5dcb4f5f]" started-at="2023-01-03T16:35:56 IST" name="Settings" finished-at="2023-01-03T16:36:02 IST" duration-ms="5899" status="PASS">
          <reporter-output>
          </reporter-output>
        </test-method> <!-- Settings -->
        <test-method is-config="true" signature="tearDown()[pri:0, instance:com.wakesmart.testcases.HomePageTest@5dcb4f5f]" started-at="2023-01-03T16:36:02 IST" name="tearDown" finished-at="2023-01-03T16:36:02 IST" duration-ms="460" status="PASS">
          <reporter-output>
          </reporter-output>
        </test-method> <!-- tearDown -->
      </class> <!-- com.wakesmart.testcases.HomePageTest -->
    </test> <!-- WakeSmart -->
  </suite> <!-- Suite -->
</testng-results>
