<?xml version="1.0" encoding="UTF-8"?>
<testng-results ignored="1" total="2" passed="1" failed="0" skipped="0">
  <reporter-output>
  </reporter-output>
  <suite started-at="2023-08-09T17:49:14 IST" name="Default suite" finished-at="2023-08-09T17:49:35 IST" duration-ms="21635">
    <groups>
    </groups>
    <test started-at="2023-08-09T17:49:14 IST" name="Default test" finished-at="2023-08-09T17:49:35 IST" duration-ms="21635">
      <class name="com.wakesmart.testcases.WSManagementGroupsTest">
        <test-method is-config="true" signature="browserLaunch()[pri:0, instance:com.wakesmart.testcases.WSManagementGroupsTest@791f145a]" started-at="2023-08-09T17:49:14 IST" name="browserLaunch" finished-at="2023-08-09T17:49:27 IST" duration-ms="13075" status="PASS">
          <reporter-output>
          </reporter-output>
        </test-method> <!-- browserLaunch -->
        <test-method signature="managementGroups()[pri:0, instance:com.wakesmart.testcases.WSManagementGroupsTest@791f145a]" started-at="2023-08-09T17:49:27 IST" name="managementGroups" finished-at="2023-08-09T17:49:35 IST" duration-ms="8475" status="PASS">
          <reporter-output>
          </reporter-output>
        </test-method> <!-- managementGroups -->
      </class> <!-- com.wakesmart.testcases.WSManagementGroupsTest -->
    </test> <!-- Default test -->
  </suite> <!-- Default suite -->
</testng-results>
