<?xml version="1.0" encoding="UTF-8"?>
<testng-results ignored="0" total="1" passed="1" failed="0" skipped="0">
  <reporter-output>
  </reporter-output>
  <suite started-at="2023-05-08T12:47:39 IST" name="Default suite" finished-at="2023-05-08T12:48:03 IST" duration-ms="23980">
    <groups>
    </groups>
    <test started-at="2023-05-08T12:47:39 IST" name="Default test" finished-at="2023-05-08T12:48:03 IST" duration-ms="23980">
      <class name="com.wakesmart.testcases.WSManagementGroupsTest">
        <test-method is-config="true" signature="browserLaunch()[pri:0, instance:com.wakesmart.testcases.WSManagementGroupsTest@46cdf8bd]" started-at="2023-05-08T12:47:39 IST" name="browserLaunch" finished-at="2023-05-08T12:47:48 IST" duration-ms="9104" status="PASS">
          <reporter-output>
          </reporter-output>
        </test-method> <!-- browserLaunch -->
        <test-method signature="managementGroups()[pri:0, instance:com.wakesmart.testcases.WSManagementGroupsTest@46cdf8bd]" started-at="2023-05-08T12:47:48 IST" name="managementGroups" finished-at="2023-05-08T12:48:03 IST" duration-ms="14804" status="PASS">
          <reporter-output>
          </reporter-output>
        </test-method> <!-- managementGroups -->
      </class> <!-- com.wakesmart.testcases.WSManagementGroupsTest -->
    </test> <!-- Default test -->
  </suite> <!-- Default suite -->
</testng-results>
