<?xml version="1.0" encoding="UTF-8"?>
<testng-results ignored="1" total="34" passed="33" failed="0" skipped="0">
  <reporter-output>
  </reporter-output>
  <suite started-at="2023-01-04T20:08:03 IST" name="Suite" finished-at="2023-01-04T20:11:08 IST" duration-ms="184924">
    <groups>
      <group name="Smoke">
        <method signature="LoginPageTest.colorOfLoginButton()[pri:3, instance:com.wakesmart.testcases.LoginPageTest@386f0da3]" name="colorOfLoginButton" class="com.wakesmart.testcases.LoginPageTest"/>
        <method signature="LoginPageTest.validUserLogin()[pri:9, instance:com.wakesmart.testcases.LoginPageTest@386f0da3]" name="validUserLogin" class="com.wakesmart.testcases.LoginPageTest"/>
        <method signature="LoginPageTest.userLogout()[pri:10, instance:com.wakesmart.testcases.LoginPageTest@386f0da3]" name="userLogout" class="com.wakesmart.testcases.LoginPageTest"/>
      </group> <!-- Smoke -->
    </groups>
    <test started-at="2023-01-04T20:08:03 IST" name="WakeSmart" finished-at="2023-01-04T20:11:08 IST" duration-ms="184924">
      <class name="com.wakesmart.testcases.LoginPageTest">
        <test-method is-config="true" signature="browserLaunch()[pri:0, instance:com.wakesmart.testcases.LoginPageTest@386f0da3]" started-at="2023-01-04T20:08:03 IST" name="browserLaunch" finished-at="2023-01-04T20:08:13 IST" duration-ms="10065" status="PASS">
          <reporter-output>
          </reporter-output>
        </test-method> <!-- browserLaunch -->
        <test-method signature="getTitle()[pri:1, instance:com.wakesmart.testcases.LoginPageTest@386f0da3]" started-at="2023-01-04T20:08:14 IST" name="getTitle" finished-at="2023-01-04T20:08:14 IST" duration-ms="67" status="PASS">
          <reporter-output>
          </reporter-output>
        </test-method> <!-- getTitle -->
        <test-method signature="colorOfForm()[pri:2, instance:com.wakesmart.testcases.LoginPageTest@386f0da3]" started-at="2023-01-04T20:08:14 IST" name="colorOfForm" finished-at="2023-01-04T20:08:14 IST" duration-ms="34" status="PASS">
          <reporter-output>
          </reporter-output>
        </test-method> <!-- colorOfForm -->
        <test-method signature="colorOfLoginButton()[pri:3, instance:com.wakesmart.testcases.LoginPageTest@386f0da3]" started-at="2023-01-04T20:08:14 IST" name="colorOfLoginButton" finished-at="2023-01-04T20:08:14 IST" duration-ms="27" status="PASS">
          <reporter-output>
          </reporter-output>
        </test-method> <!-- colorOfLoginButton -->
        <test-method signature="invalidUserName_ValidPasswordLogin()[pri:4, instance:com.wakesmart.testcases.LoginPageTest@386f0da3]" started-at="2023-01-04T20:08:14 IST" name="invalidUserName_ValidPasswordLogin" finished-at="2023-01-04T20:08:15 IST" duration-ms="1669" status="PASS">
          <reporter-output>
          </reporter-output>
        </test-method> <!-- invalidUserName_ValidPasswordLogin -->
        <test-method signature="validUserName_InvalidPasswordLogin()[pri:5, instance:com.wakesmart.testcases.LoginPageTest@386f0da3]" started-at="2023-01-04T20:08:15 IST" name="validUserName_InvalidPasswordLogin" finished-at="2023-01-04T20:08:17 IST" duration-ms="1588" status="PASS">
          <reporter-output>
          </reporter-output>
        </test-method> <!-- validUserName_InvalidPasswordLogin -->
        <test-method signature="inValidUserName_InvalidPasswordLogin()[pri:6, instance:com.wakesmart.testcases.LoginPageTest@386f0da3]" started-at="2023-01-04T20:08:17 IST" name="inValidUserName_InvalidPasswordLogin" finished-at="2023-01-04T20:08:18 IST" duration-ms="1484" status="PASS">
          <reporter-output>
          </reporter-output>
        </test-method> <!-- inValidUserName_InvalidPasswordLogin -->
        <test-method signature="empty_Credential_Login()[pri:7, instance:com.wakesmart.testcases.LoginPageTest@386f0da3]" started-at="2023-01-04T20:08:18 IST" name="empty_Credential_Login" finished-at="2023-01-04T20:08:19 IST" duration-ms="374" status="PASS">
          <reporter-output>
          </reporter-output>
        </test-method> <!-- empty_Credential_Login -->
        <test-method signature="passwordVisibilityOnDOM()[pri:8, instance:com.wakesmart.testcases.LoginPageTest@386f0da3]" started-at="2023-01-04T20:08:19 IST" name="passwordVisibilityOnDOM" finished-at="2023-01-04T20:08:19 IST" duration-ms="126" status="PASS">
          <reporter-output>
          </reporter-output>
        </test-method> <!-- passwordVisibilityOnDOM -->
        <test-method signature="validUserLogin()[pri:9, instance:com.wakesmart.testcases.LoginPageTest@386f0da3]" started-at="2023-01-04T20:08:19 IST" name="validUserLogin" finished-at="2023-01-04T20:08:27 IST" duration-ms="7615" status="PASS">
          <reporter-output>
          </reporter-output>
        </test-method> <!-- validUserLogin -->
        <test-method signature="userLogout()[pri:10, instance:com.wakesmart.testcases.LoginPageTest@386f0da3]" started-at="2023-01-04T20:08:27 IST" name="userLogout" finished-at="2023-01-04T20:08:28 IST" duration-ms="1287" status="PASS">
          <reporter-output>
          </reporter-output>
        </test-method> <!-- userLogout -->
        <test-method is-config="true" signature="tearDown()[pri:0, instance:com.wakesmart.testcases.LoginPageTest@386f0da3]" started-at="2023-01-04T20:08:28 IST" name="tearDown" finished-at="2023-01-04T20:08:28 IST" duration-ms="324" status="PASS">
          <reporter-output>
          </reporter-output>
        </test-method> <!-- tearDown -->
      </class> <!-- com.wakesmart.testcases.LoginPageTest -->
      <class name="com.wakesmart.testcases.HomePageTest">
        <test-method is-config="true" signature="browserLaunch()[pri:0, instance:com.wakesmart.testcases.HomePageTest@5dcb4f5f]" started-at="2023-01-04T20:08:28 IST" name="browserLaunch" finished-at="2023-01-04T20:08:35 IST" duration-ms="6455" status="PASS">
          <reporter-output>
          </reporter-output>
        </test-method> <!-- browserLaunch -->
        <test-method signature="validUserLogin()[pri:1, instance:com.wakesmart.testcases.HomePageTest@5dcb4f5f]" started-at="2023-01-04T20:08:35 IST" name="validUserLogin" finished-at="2023-01-04T20:08:42 IST" duration-ms="7322" status="PASS">
          <reporter-output>
          </reporter-output>
        </test-method> <!-- validUserLogin -->
        <test-method signature="user()[pri:2, instance:com.wakesmart.testcases.HomePageTest@5dcb4f5f]" started-at="2023-01-04T20:08:42 IST" name="user" finished-at="2023-01-04T20:08:43 IST" duration-ms="1131" status="PASS">
          <reporter-output>
          </reporter-output>
        </test-method> <!-- user -->
        <test-method signature="about()[pri:3, instance:com.wakesmart.testcases.HomePageTest@5dcb4f5f]" started-at="2023-01-04T20:08:43 IST" name="about" finished-at="2023-01-04T20:08:44 IST" duration-ms="1214" status="PASS">
          <reporter-output>
          </reporter-output>
        </test-method> <!-- about -->
        <test-method signature="reporting()[pri:4, instance:com.wakesmart.testcases.HomePageTest@5dcb4f5f]" started-at="2023-01-04T20:08:44 IST" name="reporting" finished-at="2023-01-04T20:08:57 IST" duration-ms="12278" status="PASS">
          <reporter-output>
          </reporter-output>
        </test-method> <!-- reporting -->
        <test-method signature="assetInventory()[pri:5, instance:com.wakesmart.testcases.HomePageTest@5dcb4f5f]" started-at="2023-01-04T20:08:57 IST" name="assetInventory" finished-at="2023-01-04T20:08:59 IST" duration-ms="1930" status="PASS">
          <reporter-output>
          </reporter-output>
        </test-method> <!-- assetInventory -->
        <test-method signature="manage_Device_Groups()[pri:6, instance:com.wakesmart.testcases.HomePageTest@5dcb4f5f]" started-at="2023-01-04T20:08:59 IST" name="manage_Device_Groups" finished-at="2023-01-04T20:09:20 IST" duration-ms="21727" status="PASS">
          <reporter-output>
          </reporter-output>
        </test-method> <!-- manage_Device_Groups -->
        <test-method signature="manageEditGroups()[pri:7, instance:com.wakesmart.testcases.HomePageTest@5dcb4f5f]" started-at="2023-01-04T20:09:20 IST" name="manageEditGroups" finished-at="2023-01-04T20:09:25 IST" duration-ms="4449" status="PASS">
          <reporter-output>
          </reporter-output>
        </test-method> <!-- manageEditGroups -->
        <test-method signature="managePolicies()[pri:8, instance:com.wakesmart.testcases.HomePageTest@5dcb4f5f]" started-at="2023-01-04T20:09:25 IST" name="managePolicies" finished-at="2023-01-04T20:09:30 IST" duration-ms="5714" status="PASS">
          <reporter-output>
          </reporter-output>
        </test-method> <!-- managePolicies -->
        <test-method signature="manage_Policies_AddNewScheme()[pri:9, instance:com.wakesmart.testcases.HomePageTest@5dcb4f5f]" started-at="2023-01-04T20:09:30 IST" name="manage_Policies_AddNewScheme" finished-at="2023-01-04T20:09:33 IST" duration-ms="2056" status="PASS">
          <reporter-output>
          </reporter-output>
        </test-method> <!-- manage_Policies_AddNewScheme -->
        <test-method signature="managePolicies_Scheduled_Events()[pri:10, instance:com.wakesmart.testcases.HomePageTest@5dcb4f5f]" started-at="2023-01-04T20:09:33 IST" name="managePolicies_Scheduled_Events" finished-at="2023-01-04T20:09:37 IST" duration-ms="4463" status="PASS">
          <reporter-output>
          </reporter-output>
        </test-method> <!-- managePolicies_Scheduled_Events -->
        <test-method signature="new_Policy_Verify()[pri:11, instance:com.wakesmart.testcases.HomePageTest@5dcb4f5f]" started-at="2023-01-04T20:09:37 IST" name="new_Policy_Verify" finished-at="2023-01-04T20:09:37 IST" duration-ms="522" status="PASS">
          <reporter-output>
          </reporter-output>
        </test-method> <!-- new_Policy_Verify -->
        <test-method signature="assign_Policy_To_Sytstem()[pri:12, instance:com.wakesmart.testcases.HomePageTest@5dcb4f5f]" started-at="2023-01-04T20:09:37 IST" name="assign_Policy_To_Sytstem" finished-at="2023-01-04T20:09:45 IST" duration-ms="7396" status="PASS">
          <reporter-output>
          </reporter-output>
        </test-method> <!-- assign_Policy_To_Sytstem -->
        <test-method signature="deleteAssignedPolicy()[pri:13, instance:com.wakesmart.testcases.HomePageTest@5dcb4f5f]" started-at="2023-01-04T20:09:45 IST" name="deleteAssignedPolicy" finished-at="2023-01-04T20:09:50 IST" duration-ms="5426" status="PASS">
          <reporter-output>
          </reporter-output>
        </test-method> <!-- deleteAssignedPolicy -->
        <test-method signature="Unassign_Policy_To_Sytstem()[pri:14, instance:com.wakesmart.testcases.HomePageTest@5dcb4f5f]" started-at="2023-01-04T20:09:50 IST" name="Unassign_Policy_To_Sytstem" finished-at="2023-01-04T20:09:59 IST" duration-ms="8268" status="PASS">
          <reporter-output>
          </reporter-output>
        </test-method> <!-- Unassign_Policy_To_Sytstem -->
        <test-method signature="manage_User()[pri:15, instance:com.wakesmart.testcases.HomePageTest@5dcb4f5f]" started-at="2023-01-04T20:09:59 IST" name="manage_User" finished-at="2023-01-04T20:10:09 IST" duration-ms="10237" status="PASS">
          <reporter-output>
          </reporter-output>
        </test-method> <!-- manage_User -->
        <test-method signature="manage_Users_GroupPermission()[pri:16, instance:com.wakesmart.testcases.HomePageTest@5dcb4f5f]" started-at="2023-01-04T20:10:09 IST" name="manage_Users_GroupPermission" finished-at="2023-01-04T20:10:15 IST" duration-ms="6475" status="PASS">
          <reporter-output>
          </reporter-output>
        </test-method> <!-- manage_Users_GroupPermission -->
        <test-method signature="manage_Licences()[pri:17, instance:com.wakesmart.testcases.HomePageTest@5dcb4f5f]" started-at="2023-01-04T20:10:15 IST" name="manage_Licences" finished-at="2023-01-04T20:10:23 IST" duration-ms="7547" status="PASS">
          <reporter-output>
          </reporter-output>
        </test-method> <!-- manage_Licences -->
        <test-method signature="manage_Reference()[pri:18, instance:com.wakesmart.testcases.HomePageTest@5dcb4f5f]" started-at="2023-01-04T20:10:23 IST" name="manage_Reference" finished-at="2023-01-04T20:10:26 IST" duration-ms="2724" status="PASS">
          <reporter-output>
          </reporter-output>
        </test-method> <!-- manage_Reference -->
        <test-method signature="manage_Automation()[pri:19, instance:com.wakesmart.testcases.HomePageTest@5dcb4f5f]" started-at="2023-01-04T20:10:26 IST" name="manage_Automation" finished-at="2023-01-04T20:10:35 IST" duration-ms="9488" status="PASS">
          <reporter-output>
          </reporter-output>
        </test-method> <!-- manage_Automation -->
        <test-method signature="Automation_rule_Presence_verify()[pri:20, instance:com.wakesmart.testcases.HomePageTest@5dcb4f5f]" started-at="2023-01-04T20:10:35 IST" name="Automation_rule_Presence_verify" finished-at="2023-01-04T20:10:45 IST" duration-ms="10150" status="PASS">
          <reporter-output>
          </reporter-output>
        </test-method> <!-- Automation_rule_Presence_verify -->
        <test-method signature="Automation_PolicyRules()[pri:21, instance:com.wakesmart.testcases.HomePageTest@5dcb4f5f]" started-at="2023-01-04T20:10:45 IST" name="Automation_PolicyRules" finished-at="2023-01-04T20:10:57 IST" duration-ms="11317" status="PASS">
          <reporter-output>
          </reporter-output>
        </test-method> <!-- Automation_PolicyRules -->
        <test-method signature="getAutomation_AlertRules()[pri:22, instance:com.wakesmart.testcases.HomePageTest@5dcb4f5f]" started-at="2023-01-04T20:10:57 IST" name="getAutomation_AlertRules" finished-at="2023-01-04T20:10:57 IST" duration-ms="176" status="PASS">
          <reporter-output>
          </reporter-output>
        </test-method> <!-- getAutomation_AlertRules -->
        <test-method signature="Settings()[pri:23, instance:com.wakesmart.testcases.HomePageTest@5dcb4f5f]" started-at="2023-01-04T20:10:57 IST" name="Settings" finished-at="2023-01-04T20:11:08 IST" duration-ms="11152" status="PASS">
          <reporter-output>
          </reporter-output>
        </test-method> <!-- Settings -->
        <test-method is-config="true" signature="tearDown()[pri:0, instance:com.wakesmart.testcases.HomePageTest@5dcb4f5f]" started-at="2023-01-04T20:11:08 IST" name="tearDown" finished-at="2023-01-04T20:11:08 IST" duration-ms="388" status="PASS">
          <reporter-output>
          </reporter-output>
        </test-method> <!-- tearDown -->
      </class> <!-- com.wakesmart.testcases.HomePageTest -->
    </test> <!-- WakeSmart -->
  </suite> <!-- Suite -->
</testng-results>
